<?xml version="1.0" encoding="UTF-8"?>
<!-- Generated by org.testng.reporters.JUnitReportReporter -->
<testsuite skipped="0" hostname="LAPTOP-V3H3E9CK" name="testNg.DataProvider" tests="3" failures="0" timestamp="14 Dec 2020 06:45:32 GMT" time="0.022" errors="0">
  <testcase name="testDP" time="0.013" classname="testNg.DataProvider"/>
  <testcase name="testDP" time="0.004" classname="testNg.DataProvider"/>
  <testcase name="testDP" time="0.005" classname="testNg.DataProvider"/>
</testsuite> <!-- testNg.DataProvider -->
