<?xml version="1.0" encoding="UTF-8"?>
<!-- Generated by org.testng.reporters.JUnitReportReporter -->
<testsuite skipped="0" hostname="LAPTOP-V3H3E9CK" name="testNg.GroupsInTestNg" tests="3" failures="0" timestamp="16 Dec 2020 12:20:24 GMT" time="0.028" errors="0">
  <testcase name="test3" time="0.004" classname="testNg.GroupsInTestNg"/>
  <testcase name="test1" time="0.016" classname="testNg.GroupsInTestNg"/>
  <testcase name="test2" time="0.008" classname="testNg.GroupsInTestNg"/>
</testsuite> <!-- testNg.GroupsInTestNg -->
