<?xml version="1.0" encoding="UTF-8"?>
<!-- Generated by org.testng.reporters.JUnitReportReporter -->
<testsuite skipped="0" hostname="LAPTOP-V3H3E9CK" name="testNg.Priority" tests="3" failures="0" timestamp="15 Dec 2020 00:32:40 GMT" time="0.041" errors="0">
  <testcase name="test3" time="0.041" classname="testNg.Priority"/>
  <testcase name="test2" time="0.000" classname="testNg.Priority"/>
  <testcase name="test1" time="0.000" classname="testNg.Priority"/>
</testsuite> <!-- testNg.Priority -->
