<?xml version="1.0" encoding="UTF-8"?>
<!-- Generated by org.testng.reporters.JUnitReportReporter -->
<testsuite skipped="0" hostname="LAPTOP-V3H3E9CK" name="testNg.RunThuXml" tests="2" failures="0" timestamp="14 Dec 2020 23:29:54 GMT" time="0.141" errors="0">
  <testcase name="test1" time="0.090" classname="testNg.RunThuXml"/>
  <testcase name="test2" time="0.051" classname="testNg.RunThuXml"/>
</testsuite> <!-- testNg.RunThuXml -->
