<?xml version="1.0" encoding="UTF-8"?>
<!-- Generated by org.testng.reporters.JUnitReportReporter -->
<testsuite skipped="2" hostname="LAPTOP-V3H3E9CK" name="testNg.RetryTest" tests="3" failures="0" timestamp="16 Dec 2020 12:20:24 GMT" time="0.000" errors="0">
  <testcase name="test1" time="0.000" classname="testNg.RetryTest"/>
  <testcase name="test1" time="0.000" classname="testNg.RetryTest">
    <skipped/>
  </testcase> <!-- test1 -->
  <testcase name="test1" time="0.000" classname="testNg.RetryTest">
    <skipped/>
  </testcase> <!-- test1 -->
</testsuite> <!-- testNg.RetryTest -->
