<?xml version="1.0" encoding="UTF-8"?>
<!-- Generated by org.testng.reporters.JUnitReportReporter -->
<testsuite skipped="0" hostname="LAPTOP-V3H3E9CK" name="testNg.Parameters" tests="1" failures="0" timestamp="16 Dec 2020 12:20:24 GMT" time="0.005" errors="0">
  <testcase name="test1" time="0.005" classname="testNg.Parameters"/>
</testsuite> <!-- testNg.Parameters -->
