<?xml version="1.0" encoding="UTF-8"?>
<!-- Generated by org.testng.reporters.JUnitReportReporter -->
<testsuite skipped="0" hostname="LAPTOP-V3H3E9CK" name="testNg.basicHrchy" tests="2" failures="0" timestamp="13 Dec 2020 10:46:50 GMT" time="0.033" errors="0">
  <testcase name="test10" time="0.024" classname="testNg.basicHrchy"/>
  <testcase name="test5" time="0.009" classname="testNg.basicHrchy"/>
</testsuite> <!-- testNg.basicHrchy -->
